# JRE version: OpenJDK Runtime Environment (21.0.8) (build 21.0.8+-14196175-b1038.72)
# Java VM: OpenJDK 64-Bit Server VM (21.0.8+-14196175-b1038.72, mixed mode, tiered, compressed oops, compressed class ptrs, g1 gc, windows-amd64)
GC Precious Log:
 CardTable entry size: 512
 Card Set container configuration: InlinePtr #cards 4 size 8 Array Of Cards #cards 16 size 48 Howl #buckets 8 coarsen threshold 3686 Howl Bitmap #cards 512 size 80 coarsen threshold 460 Card regions per heap region 1 cards per card region 4096
 CPUs: 12 total, 12 available
 Memory: 16152M
 Large Page Support: Disabled
 NUMA Support: Disabled
 Compressed Oops: Enabled (Zero based)
 Heap Region Size: 2M
 Heap Min Capacity: 8M
 Heap Initial Capacity: 254M
 Heap Max Capacity: 3G
 Pre-touch: Disabled
 Parallel Workers: 10
 Concurrent Workers: 3
 Concurrent Refinement Workers: 10
 Periodic GC: Disabled
Heap:
 garbage-first heap   total 184320K, used 152640K [0x0000000740000000, 0x0000000800000000)
  region size 2048K, 24 young (49152K), 4 survivors (8192K)
 Metaspace       used 160250K, committed 162688K, reserved 1048576K
  class space    used 21670K, committed 22848K, reserved 851968K
GC Heap History (20 events):
Event: 10.393 GC heap before
{Heap before GC invocations=30 (full 0):
 garbage-first heap   total 141312K, used 123177K [0x0000000740000000, 0x0000000800000000)
  region size 2048K, 23 young (47104K), 3 survivors (6144K)
 Metaspace       used 125019K, committed 127040K, reserved 983040K
  class space    used 16494K, committed 17472K, reserved 851968K
}
Event: 10.398 GC heap after
{Heap after GC invocations=31 (full 0):
 garbage-first heap   total 141312K, used 84570K [0x0000000740000000, 0x0000000800000000)
  region size 2048K, 3 young (6144K), 3 survivors (6144K)
 Metaspace       used 125019K, committed 127040K, reserved 983040K
  class space    used 16494K, committed 17472K, reserved 851968K
}
Event: 10.853 GC heap before
{Heap before GC invocations=31 (full 0):
 garbage-first heap   total 141312K, used 123482K [0x0000000740000000, 0x0000000800000000)
  region size 2048K, 22 young (45056K), 3 survivors (6144K)
 Metaspace       used 131116K, committed 133184K, reserved 983040K
  class space    used 17310K, committed 18304K, reserved 851968K
}
Event: 10.857 GC heap after
{Heap after GC invocations=32 (full 0):
 garbage-first heap   total 141312K, used 88025K [0x0000000740000000, 0x0000000800000000)
  region size 2048K, 3 young (6144K), 3 survivors (6144K)
 Metaspace       used 131116K, committed 133184K, reserved 983040K
  class space    used 17310K, committed 18304K, reserved 851968K
}
Event: 12.411 GC heap before
{Heap before GC invocations=33 (full 0):
 garbage-first heap   total 151552K, used 122841K [0x0000000740000000, 0x0000000800000000)
  region size 2048K, 20 young (40960K), 3 survivors (6144K)
 Metaspace       used 135244K, committed 137344K, reserved 983040K
  class space    used 17930K, committed 18944K, reserved 851968K
}
Event: 12.416 GC heap after
{Heap after GC invocations=34 (full 0):
 garbage-first heap   total 151552K, used 92816K [0x0000000740000000, 0x0000000800000000)
  region size 2048K, 3 young (6144K), 3 survivors (6144K)
 Metaspace       used 135244K, committed 137344K, reserved 983040K
  class space    used 17930K, committed 18944K, reserved 851968K
}
Event: 12.721 GC heap before
{Heap before GC invocations=34 (full 0):
 garbage-first heap   total 151552K, used 131728K [0x0000000740000000, 0x0000000800000000)
  region size 2048K, 23 young (47104K), 3 survivors (6144K)
 Metaspace       used 137568K, committed 139648K, reserved 983040K
  class space    used 18306K, committed 19328K, reserved 851968K
}
Event: 12.726 GC heap after
{Heap after GC invocations=35 (full 0):
 garbage-first heap   total 151552K, used 89590K [0x0000000740000000, 0x0000000800000000)
  region size 2048K, 3 young (6144K), 3 survivors (6144K)
 Metaspace       used 137568K, committed 139648K, reserved 983040K
  class space    used 18306K, committed 19328K, reserved 851968K
}
Event: 13.080 GC heap before
{Heap before GC invocations=35 (full 0):
 garbage-first heap   total 151552K, used 105974K [0x0000000740000000, 0x0000000800000000)
  region size 2048K, 12 young (24576K), 3 survivors (6144K)
 Metaspace       used 139290K, committed 141504K, reserved 983040K
  class space    used 18612K, committed 19648K, reserved 851968K
}
Event: 13.083 GC heap after
{Heap after GC invocations=36 (full 0):
 garbage-first heap   total 182272K, used 91298K [0x0000000740000000, 0x0000000800000000)
  region size 2048K, 1 young (2048K), 1 survivors (2048K)
 Metaspace       used 139290K, committed 141504K, reserved 983040K
  class space    used 18612K, committed 19648K, reserved 851968K
}
Event: 13.972 GC heap before
{Heap before GC invocations=37 (full 0):
 garbage-first heap   total 182272K, used 177314K [0x0000000740000000, 0x0000000800000000)
  region size 2048K, 37 young (75776K), 1 survivors (2048K)
 Metaspace       used 145748K, committed 147968K, reserved 983040K
  class space    used 19528K, committed 20608K, reserved 851968K
}
Event: 13.975 GC heap after
{Heap after GC invocations=38 (full 0):
 garbage-first heap   total 184320K, used 107462K [0x0000000740000000, 0x0000000800000000)
  region size 2048K, 3 young (6144K), 3 survivors (6144K)
 Metaspace       used 145748K, committed 147968K, reserved 983040K
  class space    used 19528K, committed 20608K, reserved 851968K
}
Event: 14.781 GC heap before
{Heap before GC invocations=38 (full 0):
 garbage-first heap   total 184320K, used 166854K [0x0000000740000000, 0x0000000800000000)
  region size 2048K, 32 young (65536K), 3 survivors (6144K)
 Metaspace       used 149099K, committed 151296K, reserved 983040K
  class space    used 20025K, committed 21056K, reserved 851968K
}
Event: 14.788 GC heap after
{Heap after GC invocations=39 (full 0):
 garbage-first heap   total 184320K, used 109821K [0x0000000740000000, 0x0000000800000000)
  region size 2048K, 3 young (6144K), 3 survivors (6144K)
 Metaspace       used 149099K, committed 151296K, reserved 983040K
  class space    used 20025K, committed 21056K, reserved 851968K
}
Event: 16.433 GC heap before
{Heap before GC invocations=39 (full 0):
 garbage-first heap   total 184320K, used 167165K [0x0000000740000000, 0x0000000800000000)
  region size 2048K, 31 young (63488K), 3 survivors (6144K)
 Metaspace       used 153667K, committed 156032K, reserved 1048576K
  class space    used 20801K, committed 21952K, reserved 851968K
}
Event: 16.439 GC heap after
{Heap after GC invocations=40 (full 0):
 garbage-first heap   total 184320K, used 107858K [0x0000000740000000, 0x0000000800000000)
  region size 2048K, 3 young (6144K), 3 survivors (6144K)
 Metaspace       used 153667K, committed 156032K, reserved 1048576K
  class space    used 20801K, committed 21952K, reserved 851968K
}
Event: 39.451 GC heap before
{Heap before GC invocations=41 (full 0):
 garbage-first heap   total 184320K, used 163154K [0x0000000740000000, 0x0000000800000000)
  region size 2048K, 31 young (63488K), 3 survivors (6144K)
 Metaspace       used 158951K, committed 161344K, reserved 1048576K
  class space    used 21553K, committed 22720K, reserved 851968K
}
Event: 39.458 GC heap after
{Heap after GC invocations=42 (full 0):
 garbage-first heap   total 184320K, used 114758K [0x0000000740000000, 0x0000000800000000)
  region size 2048K, 4 young (8192K), 4 survivors (8192K)
 Metaspace       used 158951K, committed 161344K, reserved 1048576K
  class space    used 21553K, committed 22720K, reserved 851968K
}
Event: 40.083 GC heap before
{Heap before GC invocations=42 (full 0):
 garbage-first heap   total 184320K, used 161862K [0x0000000740000000, 0x0000000800000000)
  region size 2048K, 28 young (57344K), 4 survivors (8192K)
 Metaspace       used 160022K, committed 162496K, reserved 1048576K
  class space    used 21643K, committed 22848K, reserved 851968K
}
Event: 40.089 GC heap after
{Heap after GC invocations=43 (full 0):
 garbage-first heap   total 184320K, used 115776K [0x0000000740000000, 0x0000000800000000)
  region size 2048K, 4 young (8192K), 4 survivors (8192K)
 Metaspace       used 160022K, committed 162496K, reserved 1048576K
  class space    used 21643K, committed 22848K, reserved 851968K
}

